Release 14.7 - xst P.20131013 (nt64)
Copyright (c) 1995-2013 Xilinx, Inc.  All rights reserved.
--> Parameter TMPDIR set to xst/projnav.tmp


Total REAL time to Xst completion: 0.00 secs
Total CPU time to Xst completion: 0.12 secs
 
--> Parameter xsthdpdir set to xst


Total REAL time to Xst completion: 0.00 secs
Total CPU time to Xst completion: 0.13 secs
 
--> Reading design: spi_byte.prj

TABLE OF CONTENTS
  1) Synthesis Options Summary
  2) HDL Parsing
  3) HDL Elaboration
  4) HDL Synthesis
       4.1) HDL Synthesis Report
  5) Advanced HDL Synthesis
       5.1) Advanced HDL Synthesis Report
  6) Low Level Synthesis
  7) Partition Report
  8) Design Summary
       8.1) Primitive and Black Box Usage
       8.2) Device utilization summary
       8.3) Partition Resource Summary
       8.4) Timing Report
            8.4.1) Clock Information
            8.4.2) Asynchronous Control Signals Information
            8.4.3) Timing Summary
            8.4.4) Timing Details
            8.4.5) Cross Clock Domains Report


=========================================================================
*                      Synthesis Options Summary                        *
=========================================================================
---- Source Parameters
Input File Name                    : "spi_byte.prj"
Ignore Synthesis Constraint File   : NO

---- Target Parameters
Output File Name                   : "spi_byte"
Output Format                      : NGC
Target Device                      : xc6slx9-2-csg324

---- Source Options
Top Module Name                    : spi_byte
Automatic FSM Extraction           : YES
FSM Encoding Algorithm             : Auto
Safe Implementation                : No
FSM Style                          : LUT
RAM Extraction                     : Yes
RAM Style                          : Auto
ROM Extraction                     : Yes
Shift Register Extraction          : YES
ROM Style                          : Auto
Resource Sharing                   : YES
Asynchronous To Synchronous        : NO
Shift Register Minimum Size        : 2
Use DSP Block                      : Auto
Automatic Register Balancing       : No

---- Target Options
LUT Combining                      : Auto
Reduce Control Sets                : Auto
Add IO Buffers                     : YES
Global Maximum Fanout              : 100000
Add Generic Clock Buffer(BUFG)     : 16
Register Duplication               : YES
Optimize Instantiated Primitives   : NO
Use Clock Enable                   : Auto
Use Synchronous Set                : Auto
Use Synchronous Reset              : Auto
Pack IO Registers into IOBs        : Auto
Equivalent register Removal        : YES

---- General Options
Optimization Goal                  : Speed
Optimization Effort                : 1
Power Reduction                    : NO
Keep Hierarchy                     : No
Netlist Hierarchy                  : As_Optimized
RTL Output                         : Yes
Global Optimization                : AllClockNets
Read Cores                         : YES
Write Timing Constraints           : NO
Cross Clock Analysis               : NO
Hierarchy Separator                : /
Bus Delimiter                      : <>
Case Specifier                     : Maintain
Slice Utilization Ratio            : 100
BRAM Utilization Ratio             : 100
DSP48 Utilization Ratio            : 100
Auto BRAM Packing                  : NO
Slice Utilization Ratio Delta      : 5

=========================================================================


=========================================================================
*                          HDL Parsing                                  *
=========================================================================
Analyzing Verilog file "C:\Users\Coert\Documents\GitHub\fpga-spi_byte_if\spi_byte_if.v" into library work
Parsing module <spi_byte_if>.
Analyzing Verilog file "C:\Users\Coert\Documents\GitHub\fpga-spi_byte_if\spi_byte.v" into library work
Parsing module <spi_byte>.

=========================================================================
*                            HDL Elaboration                            *
=========================================================================

Elaborating module <spi_byte>.

Elaborating module <spi_byte_if>.

=========================================================================
*                           HDL Synthesis                               *
=========================================================================

Synthesizing Unit <spi_byte>.
    Related source file is "C:\Users\Coert\Documents\GitHub\fpga-spi_byte_if\spi_byte.v".
    Found 1-bit register for signal <LED1>.
    Summary:
	inferred   1 D-type flip-flop(s).
Unit <spi_byte> synthesized.

Synthesizing Unit <spi_byte_if>.
    Related source file is "C:\Users\Coert\Documents\GitHub\fpga-spi_byte_if\spi_byte_if.v".
    Found 3-bit register for signal <state>.
    Found 1-bit register for signal <rxAvail>.
    Found 3-bit register for signal <SSr>.
    Found 2-bit register for signal <MOSIr>.
    Found 8-bit register for signal <rx>.
    Found 8-bit register for signal <data>.
    Found 1-bit register for signal <MISOr>.
    Found 1-bit register for signal <rxAvailFall>.
    Found 1-bit register for signal <rxAvailFall_dly>.
    Found 3-bit register for signal <SCLKr>.
    Found 3-bit adder for signal <state[2]_GND_2_o_add_12_OUT> created at line 49.
    Found 1-bit tristate buffer for signal <MISO> created at line 89
    Summary:
	inferred   1 Adder/Subtractor(s).
	inferred  31 D-type flip-flop(s).
	inferred   2 Multiplexer(s).
	inferred   1 Tristate(s).
Unit <spi_byte_if> synthesized.

=========================================================================
HDL Synthesis Report

Macro Statistics
# Adders/Subtractors                                   : 1
 3-bit adder                                           : 1
# Registers                                            : 11
 1-bit register                                        : 5
 2-bit register                                        : 1
 3-bit register                                        : 3
 8-bit register                                        : 2
# Multiplexers                                         : 2
 1-bit 2-to-1 multiplexer                              : 1
 3-bit 2-to-1 multiplexer                              : 1
# Tristates                                            : 1
 1-bit tristate buffer                                 : 1

=========================================================================

=========================================================================
*                       Advanced HDL Synthesis                          *
=========================================================================


Synthesizing (advanced) Unit <spi_byte_if>.
The following registers are absorbed into counter <state>: 1 register on signal <state>.
Unit <spi_byte_if> synthesized (advanced).

=========================================================================
Advanced HDL Synthesis Report

Macro Statistics
# Counters                                             : 1
 3-bit up counter                                      : 1
# Registers                                            : 29
 Flip-Flops                                            : 29
# Multiplexers                                         : 1
 1-bit 2-to-1 multiplexer                              : 1

=========================================================================

=========================================================================
*                         Low Level Synthesis                           *
=========================================================================

Optimizing unit <spi_byte> ...

Mapping all equations...
Building and optimizing final netlist ...
Found area constraint ratio of 100 (+ 5) on block spi_byte, actual ratio is 0.

Final Macro Processing ...

Processing Unit <spi_byte> :
	Found 2-bit shift register for signal <byte_if/SCLKr_1>.
	Found 2-bit shift register for signal <byte_if/MOSIr_1>.
	Found 2-bit shift register for signal <byte_if/SSr_1>.
Unit <spi_byte> processed.

=========================================================================
Final Register Report

Macro Statistics
# Registers                                            : 26
 Flip-Flops                                            : 26
# Shift Registers                                      : 3
 2-bit shift register                                  : 3

=========================================================================

=========================================================================
*                           Partition Report                            *
=========================================================================

Partition Implementation Status
-------------------------------

  No Partitions were found in this design.

-------------------------------

=========================================================================
*                            Design Summary                             *
=========================================================================

Top Level Output File Name         : spi_byte.ngc

Primitive and Black Box Usage:
------------------------------
# BELS                             : 17
#      GND                         : 1
#      LUT2                        : 1
#      LUT3                        : 4
#      LUT4                        : 4
#      LUT5                        : 2
#      LUT6                        : 4
#      VCC                         : 1
# FlipFlops/Latches                : 29
#      FD                          : 4
#      FD_1                        : 2
#      FDCE                        : 4
#      FDE                         : 11
#      FDRE                        : 4
#      FDSE                        : 4
# Shift Registers                  : 3
#      SRLC16E                     : 3
# Clock Buffers                    : 1
#      BUFGP                       : 1
# IO Buffers                       : 6
#      IBUF                        : 4
#      OBUF                        : 1
#      OBUFT                       : 1

Device utilization summary:
---------------------------

Selected Device : 6slx9csg324-2 


Slice Logic Utilization: 
 Number of Slice Registers:              29  out of  11440     0%  
 Number of Slice LUTs:                   18  out of   5720     0%  
    Number used as Logic:                15  out of   5720     0%  
    Number used as Memory:                3  out of   1440     0%  
       Number used as SRL:                3

Slice Logic Distribution: 
 Number of LUT Flip Flop pairs used:     37
   Number with an unused Flip Flop:       8  out of     37    21%  
   Number with an unused LUT:            19  out of     37    51%  
   Number of fully used LUT-FF pairs:    10  out of     37    27%  
   Number of unique control sets:         5

IO Utilization: 
 Number of IOs:                           7
 Number of bonded IOBs:                   7  out of    200     3%  

Specific Feature Utilization:
 Number of BUFG/BUFGCTRLs:                1  out of     16     6%  

---------------------------
Partition Resource Summary:
---------------------------

  No Partitions were found in this design.

---------------------------


=========================================================================
Timing Report

NOTE: THESE TIMING NUMBERS ARE ONLY A SYNTHESIS ESTIMATE.
      FOR ACCURATE TIMING INFORMATION PLEASE REFER TO THE TRACE REPORT
      GENERATED AFTER PLACE-and-ROUTE.

Clock Information:
------------------
-----------------------------------+------------------------+-------+
Clock Signal                       | Clock buffer(FF name)  | Load  |
-----------------------------------+------------------------+-------+
sysClk                             | BUFGP                  | 32    |
-----------------------------------+------------------------+-------+

Asynchronous Control Signals Information:
----------------------------------------
No asynchronous control signals found in this design

Timing Summary:
---------------
Speed Grade: -2

   Minimum period: 4.942ns (Maximum Frequency: 202.347MHz)
   Minimum input arrival time before clock: 5.116ns
   Maximum output required time after clock: 4.312ns
   Maximum combinational path delay: No path found

Timing Details:
---------------
All values displayed in nanoseconds (ns)

=========================================================================
Timing constraint: Default period analysis for Clock 'sysClk'
  Clock period: 4.942ns (frequency: 202.347MHz)
  Total number of paths / destination ports: 220 / 57
-------------------------------------------------------------------------
Delay:               2.471ns (Levels of Logic = 2)
  Source:            byte_if/rxAvailFall_dly (FF)
  Destination:       LED1 (FF)
  Source Clock:      sysClk falling
  Destination Clock: sysClk rising

  Data Path: byte_if/rxAvailFall_dly to LED1
                                Gate     Net
    Cell:in->out      fanout   Delay   Delay  Logical Name (Net Name)
    ----------------------------------------  ------------
     FD_1:C->Q             1   0.525   0.682  byte_if/rxAvailFall_dly (byte_if/rxAvailFall_dly)
     LUT6:I5->O            1   0.254   0.682  LED1_dpot (LED1_dpot)
     LUT3:I2->O            1   0.254   0.000  LED1_rstpot (LED1_rstpot)
     FD:D                      0.074          LED1
    ----------------------------------------
    Total                      2.471ns (1.107ns logic, 1.364ns route)
                                       (44.8% logic, 55.2% route)

=========================================================================
Timing constraint: Default OFFSET IN BEFORE for Clock 'sysClk'
  Total number of paths / destination ports: 24 / 24
-------------------------------------------------------------------------
Offset:              5.116ns (Levels of Logic = 3)
  Source:            usrReset (PAD)
  Destination:       byte_if/data_7 (FF)
  Destination Clock: sysClk rising

  Data Path: usrReset to byte_if/data_7
                                Gate     Net
    Cell:in->out      fanout   Delay   Delay  Logical Name (Net Name)
    ----------------------------------------  ------------
     IBUF:I->O             6   1.328   1.152  usrReset_IBUF (usrReset_IBUF)
     LUT4:I0->O            2   0.254   0.726  byte_if/_n008111 (byte_if/_n00811)
     LUT4:I3->O            8   0.254   0.943  byte_if/_n00811 (byte_if/_n0081)
     FDSE:S                    0.459          byte_if/data_0
    ----------------------------------------
    Total                      5.116ns (2.295ns logic, 2.821ns route)
                                       (44.9% logic, 55.1% route)

=========================================================================
Timing constraint: Default OFFSET OUT AFTER for Clock 'sysClk'
  Total number of paths / destination ports: 3 / 2
-------------------------------------------------------------------------
Offset:              4.312ns (Levels of Logic = 1)
  Source:            byte_if/SSr_1 (FF)
  Destination:       MISO (PAD)
  Source Clock:      sysClk rising

  Data Path: byte_if/SSr_1 to MISO
                                Gate     Net
    Cell:in->out      fanout   Delay   Delay  Logical Name (Net Name)
    ----------------------------------------  ------------
     FDE:C->Q              6   0.525   0.875  byte_if/SSr_1 (byte_if/SSr_1)
     OBUFT:T->O                2.912          MISO_OBUFT (MISO)
    ----------------------------------------
    Total                      4.312ns (3.437ns logic, 0.875ns route)
                                       (79.7% logic, 20.3% route)

=========================================================================

Cross Clock Domains Report:
--------------------------

Clock to Setup on destination clock sysClk
---------------+---------+---------+---------+---------+
               | Src:Rise| Src:Fall| Src:Rise| Src:Fall|
Source Clock   |Dest:Rise|Dest:Rise|Dest:Fall|Dest:Fall|
---------------+---------+---------+---------+---------+
sysClk         |    4.246|    2.471|    1.324|         |
---------------+---------+---------+---------+---------+

=========================================================================


Total REAL time to Xst completion: 6.00 secs
Total CPU time to Xst completion: 5.85 secs
 
--> 

Total memory usage is 278892 kilobytes

Number of errors   :    0 (   0 filtered)
Number of warnings :    0 (   0 filtered)
Number of infos    :    0 (   0 filtered)

